Build started 4/16/2014 3:20:12 PM.
     1>Project "C:\Users\533ciitlab3\documents\visual studio 2010\Projects\Matrice\Matrice\Matrice.vcxproj" on node 2 (build target(s)).
     1>InitializeBuildStatus:
         Creating "Release\Matrice.unsuccessfulbuild" because "AlwaysCreate" was specified.
       ClCompile:
         All outputs are up-to-date.
         C:\Program Files (x86)\Microsoft Visual Studio 10.0\VC\bin\CL.exe /c /Zi /nologo /W3 /WX- /Ox /Oi /Ot /Oy- /GL /D WIN32 /D NDEBUG /D _CONSOLE /D _UNICODE /D UNICODE /Gm- /EHsc /MD /GS /Gy /fp:precise /Zc:wchar_t /Zc:forScope /Yu"StdAfx.h" /Fp"Release\Matrice.pch" /Fo"Release\\" /Fd"Release\vc100.pdb" /Gd /TP /analyze- /errorReport:prompt Matrice.cpp
         Matrice.cpp
     1>Matrice.cpp(20): warning C4018: '<' : signed/unsigned mismatch
     1>Matrice.cpp(36): warning C4018: '<=' : signed/unsigned mismatch
     1>Matrice.cpp(88): warning C4244: 'initializing' : conversion from 'double' to 'int', possible loss of data
     1>Matrice.cpp(149): warning C4244: 'initializing' : conversion from '__int64' to 'int', possible loss of data
     1>Matrice.cpp(171): warning C4244: 'argument' : conversion from '__int64' to 'int', possible loss of data
     1>Matrice.cpp(174): warning C4244: '=' : conversion from '__int64' to 'int', possible loss of data
       Link:
         C:\Program Files (x86)\Microsoft Visual Studio 10.0\VC\bin\link.exe /ERRORREPORT:PROMPT /OUT:"C:\Users\533ciitlab3\documents\visual studio 2010\Projects\Matrice\Release\Matrice.exe" /INCREMENTAL:NO /NOLOGO kernel32.lib user32.lib gdi32.lib winspool.lib comdlg32.lib advapi32.lib shell32.lib ole32.lib oleaut32.lib uuid.lib odbc32.lib odbccp32.lib /MANIFEST /ManifestFile:"Release\Matrice.exe.intermediate.manifest" /MANIFESTUAC:"level='asInvoker' uiAccess='false'" /DEBUG /PDB:"C:\Users\533ciitlab3\documents\visual studio 2010\Projects\Matrice\Release\Matrice.pdb" /SUBSYSTEM:CONSOLE /OPT:REF /OPT:ICF /LTCG /TLBID:1 /DYNAMICBASE /NXCOMPAT /IMPLIB:"C:\Users\533ciitlab3\documents\visual studio 2010\Projects\Matrice\Release\Matrice.lib" /MACHINE:X86 Release\Matrice.obj
         Release\Matrix.obj
         Release\mtrand.obj
         Release\stdafx.obj
         Generating code
         Finished generating code
         Matrice.vcxproj -> C:\Users\533ciitlab3\documents\visual studio 2010\Projects\Matrice\Release\Matrice.exe
       Manifest:
         C:\Program Files (x86)\Microsoft SDKs\Windows\v7.0A\bin\mt.exe /nologo /verbose /outputresource:"C:\Users\533ciitlab3\documents\visual studio 2010\Projects\Matrice\Release\Matrice.exe;#1" /manifest Release\Matrice.exe.intermediate.manifest
       FinalizeBuildStatus:
         Deleting file "Release\Matrice.unsuccessfulbuild".
         Touching "Release\Matrice.lastbuildstate".
     1>Done Building Project "C:\Users\533ciitlab3\documents\visual studio 2010\Projects\Matrice\Matrice\Matrice.vcxproj" (build target(s)).

Build succeeded.

Time Elapsed 00:00:00.95
