C:\USERS\533CIITLAB3\DOCUMENTS\VISUAL STUDIO 2010\PROJECTS\MATRICE\DEBUG\MATRICE.EXE
C:\USERS\533CIITLAB3\DOCUMENTS\VISUAL STUDIO 2010\PROJECTS\MATRICE\DEBUG\MATRICE.PDB
C:\Users\533ciitlab3\documents\visual studio 2010\Projects\Matrice\Matrice\Debug\cl.command.1.tlog
C:\Users\533ciitlab3\documents\visual studio 2010\Projects\Matrice\Matrice\Debug\CL.read.1.tlog
C:\Users\533ciitlab3\documents\visual studio 2010\Projects\Matrice\Matrice\Debug\CL.write.1.tlog
C:\Users\533ciitlab3\documents\visual studio 2010\Projects\Matrice\Matrice\Debug\link.command.1.tlog
C:\Users\533ciitlab3\documents\visual studio 2010\Projects\Matrice\Matrice\Debug\link.read.1.tlog
C:\Users\533ciitlab3\documents\visual studio 2010\Projects\Matrice\Matrice\Debug\link.write.1.tlog
C:\USERS\533CIITLAB3\DOCUMENTS\VISUAL STUDIO 2010\PROJECTS\MATRICE\MATRICE\DEBUG\MATRICE.EXE.INTERMEDIATE.MANIFEST
C:\USERS\533CIITLAB3\DOCUMENTS\VISUAL STUDIO 2010\PROJECTS\MATRICE\MATRICE\DEBUG\MATRICE.OBJ
C:\USERS\533CIITLAB3\DOCUMENTS\VISUAL STUDIO 2010\PROJECTS\MATRICE\MATRICE\DEBUG\MATRICE.PCH
C:\Users\533ciitlab3\documents\visual studio 2010\Projects\Matrice\Matrice\Debug\Matrice.vcxprojResolveAssemblyReference.cache
C:\Users\533ciitlab3\documents\visual studio 2010\Projects\Matrice\Matrice\Debug\Matrice.write.1.tlog
C:\USERS\533CIITLAB3\DOCUMENTS\VISUAL STUDIO 2010\PROJECTS\MATRICE\MATRICE\DEBUG\MATRIX.OBJ
C:\Users\533ciitlab3\documents\visual studio 2010\Projects\Matrice\Matrice\Debug\mt.command.1.tlog
C:\Users\533ciitlab3\documents\visual studio 2010\Projects\Matrice\Matrice\Debug\mt.read.1.tlog
C:\Users\533ciitlab3\documents\visual studio 2010\Projects\Matrice\Matrice\Debug\mt.write.1.tlog
C:\USERS\533CIITLAB3\DOCUMENTS\VISUAL STUDIO 2010\PROJECTS\MATRICE\MATRICE\DEBUG\STDAFX.OBJ
C:\Users\533ciitlab3\documents\visual studio 2010\Projects\Matrice\Matrice\Debug\vc100.idb
C:\USERS\533CIITLAB3\DOCUMENTS\VISUAL STUDIO 2010\PROJECTS\MATRICE\MATRICE\DEBUG\VC100.PDB
