Build started 3/18/2014 12:35:13 PM.
     1>Project "C:\Users\533ciitlab3\documents\visual studio 2010\Projects\Matrice\Matrice\Matrice.vcxproj" on node 2 (build target(s)).
     1>InitializeBuildStatus:
         Creating "x64\Release\Matrice.unsuccessfulbuild" because "AlwaysCreate" was specified.
       ClCompile:
         All outputs are up-to-date.
         C:\Program Files (x86)\Microsoft Visual Studio 10.0\VC\bin\x86_amd64\CL.exe /c /Zi /nologo /W3 /WX- /Ox /Oi /Ot /GL /D WIN32 /D NDEBUG /D _CONSOLE /D _UNICODE /D UNICODE /Gm- /EHsc /MD /GS /Gy /fp:precise /Zc:wchar_t /Zc:forScope /Yu"StdAfx.h" /Fp"x64\Release\Matrice.pch" /Fo"x64\Release\\" /Fd"x64\Release\vc100.pdb" /Gd /TP /errorReport:prompt Matrix.cpp
         Matrix.cpp
       Link:
         C:\Program Files (x86)\Microsoft Visual Studio 10.0\VC\bin\x86_amd64\link.exe /ERRORREPORT:PROMPT /OUT:"C:\Users\533ciitlab3\documents\visual studio 2010\Projects\Matrice\x64\Release\Matrice.exe" /INCREMENTAL:NO /NOLOGO kernel32.lib user32.lib gdi32.lib winspool.lib comdlg32.lib advapi32.lib shell32.lib ole32.lib oleaut32.lib uuid.lib odbc32.lib odbccp32.lib /MANIFEST /ManifestFile:"x64\Release\Matrice.exe.intermediate.manifest" /MANIFESTUAC:"level='asInvoker' uiAccess='false'" /DEBUG /PDB:"C:\Users\533ciitlab3\documents\visual studio 2010\Projects\Matrice\x64\Release\Matrice.pdb" /SUBSYSTEM:CONSOLE /OPT:REF /OPT:ICF /LTCG /TLBID:1 /DYNAMICBASE /NXCOMPAT /IMPLIB:"C:\Users\533ciitlab3\documents\visual studio 2010\Projects\Matrice\x64\Release\Matrice.lib" /MACHINE:X64 x64\Release\Matrice.obj
         x64\Release\Matrix.obj
         x64\Release\mtrand.obj
         x64\Release\stdafx.obj
         Generating code
         Finished generating code
         Matrice.vcxproj -> C:\Users\533ciitlab3\documents\visual studio 2010\Projects\Matrice\x64\Release\Matrice.exe
       Manifest:
         C:\Program Files (x86)\Microsoft SDKs\Windows\v7.0A\bin\mt.exe /nologo /verbose /outputresource:"C:\Users\533ciitlab3\documents\visual studio 2010\Projects\Matrice\x64\Release\Matrice.exe;#1" /manifest x64\Release\Matrice.exe.intermediate.manifest
       FinalizeBuildStatus:
         Deleting file "x64\Release\Matrice.unsuccessfulbuild".
         Touching "x64\Release\Matrice.lastbuildstate".
     1>Done Building Project "C:\Users\533ciitlab3\documents\visual studio 2010\Projects\Matrice\Matrice\Matrice.vcxproj" (build target(s)).

Build succeeded.

Time Elapsed 00:00:00.88
